
*** Running vivado
    with args -log top.vds -m64 -product Vivado -mode batch -messageDb vivado.pb -notrace -source top.tcl


****** Vivado v2023.2 (64-bit)
  **** SW Build 4029153 on Fri Oct 13 20:13:54 MDT 2023
  **** IP Build 4028589 on Sat Oct 14 00:45:43 MDT 2023
  **** SharedData Build 4025554 on Tue Oct 10 17:18:54 MDT 2023
    ** Copyright 1986-2022 Xilinx, Inc. All Rights Reserved.
    ** Copyright 2022-2023 Advanced Micro Devices, Inc. All Rights Reserved.

source top.tcl -notrace
create_project: Time (s): cpu = 00:00:06 ; elapsed = 00:00:06 . Memory (MB): peak = 1331.500 ; gain = 0.023 ; free physical = 7373 ; free virtual = 14897
Command: read_checkpoint -auto_incremental -incremental /home/lguiga/Desktop/Lab3/Lab3.srcs/utils_1/imports/synth_1/top.dcp
INFO: [Vivado 12-5825] Read reference checkpoint from /home/lguiga/Desktop/Lab3/Lab3.srcs/utils_1/imports/synth_1/top.dcp for incremental synthesis
INFO: [Vivado 12-7989] Please ensure there are no constraint changes
Command: synth_design -top top -part xc7a35tcpg236-1
Starting synth_design
Attempting to get a license for feature 'Synthesis' and/or device 'xc7a35t'
INFO: [Common 17-349] Got license for feature 'Synthesis' and/or device 'xc7a35t'
INFO: [Device 21-403] Loading part xc7a35tcpg236-1
INFO: [Designutils 20-5440] No compile time benefit to using incremental synthesis; A full resynthesis will be run
INFO: [Designutils 20-4379] Flow is switching to default flow due to incremental criteria not met. If you would like to alter this behaviour and have the flow terminate instead, please set the following parameter config_implementation {autoIncr.Synth.RejectBehavior Terminate}
INFO: [Synth 8-7079] Multithreading enabled for synth_design using a maximum of 4 processes.
INFO: [Synth 8-7078] Launching helper process for spawning children vivado processes
INFO: [Synth 8-7075] Helper process launched with PID 136731
---------------------------------------------------------------------------------
Starting RTL Elaboration : Time (s): cpu = 00:00:04 ; elapsed = 00:00:04 . Memory (MB): peak = 2027.316 ; gain = 404.715 ; free physical = 6407 ; free virtual = 13931
---------------------------------------------------------------------------------
INFO: [Synth 8-11241] undeclared symbol 'clk', assumed default net type 'wire' [/home/lguiga/Desktop/Lab3/top.v:34]
INFO: [Synth 8-6157] synthesizing module 'top' [/home/lguiga/Desktop/Lab3/top.v:1]
INFO: [Synth 8-6157] synthesizing module 'labCnt_clks' [/home/lguiga/Desktop/Lab3/labCnt_clks.v:24]
INFO: [Synth 8-6157] synthesizing module 'clk_wiz_0' [/home/lguiga/Desktop/Lab3/labCnt_clks.v:56]
INFO: [Synth 8-6157] synthesizing module 'IBUF' [/tools/Xilinx/Vivado/2023.2/scripts/rt/data/unisim_comp.v:73631]
INFO: [Synth 8-6155] done synthesizing module 'IBUF' (0#1) [/tools/Xilinx/Vivado/2023.2/scripts/rt/data/unisim_comp.v:73631]
INFO: [Synth 8-6157] synthesizing module 'MMCME2_ADV' [/tools/Xilinx/Vivado/2023.2/scripts/rt/data/unisim_comp.v:82174]
	Parameter BANDWIDTH bound to: OPTIMIZED - type: string 
	Parameter CLKFBOUT_MULT_F bound to: 9.125000 - type: double 
	Parameter CLKFBOUT_PHASE bound to: 0.000000 - type: double 
	Parameter CLKFBOUT_USE_FINE_PS bound to: FALSE - type: string 
	Parameter CLKIN1_PERIOD bound to: 10.000000 - type: double 
	Parameter CLKOUT0_DIVIDE_F bound to: 36.500000 - type: double 
	Parameter CLKOUT0_DUTY_CYCLE bound to: 0.500000 - type: double 
	Parameter CLKOUT0_PHASE bound to: 0.000000 - type: double 
	Parameter CLKOUT0_USE_FINE_PS bound to: FALSE - type: string 
	Parameter CLKOUT4_CASCADE bound to: FALSE - type: string 
	Parameter COMPENSATION bound to: ZHOLD - type: string 
	Parameter DIVCLK_DIVIDE bound to: 1 - type: integer 
	Parameter STARTUP_WAIT bound to: FALSE - type: string 
INFO: [Synth 8-6155] done synthesizing module 'MMCME2_ADV' (0#1) [/tools/Xilinx/Vivado/2023.2/scripts/rt/data/unisim_comp.v:82174]
INFO: [Synth 8-6157] synthesizing module 'BUFG' [/tools/Xilinx/Vivado/2023.2/scripts/rt/data/unisim_comp.v:1951]
INFO: [Synth 8-6155] done synthesizing module 'BUFG' (0#1) [/tools/Xilinx/Vivado/2023.2/scripts/rt/data/unisim_comp.v:1951]
INFO: [Synth 8-6155] done synthesizing module 'clk_wiz_0' (0#1) [/home/lguiga/Desktop/Lab3/labCnt_clks.v:56]
INFO: [Synth 8-6157] synthesizing module 'clkcntrl4' [/home/lguiga/Desktop/Lab3/labCnt_clks.v:189]
INFO: [Synth 8-6157] synthesizing module 'GND' [/tools/Xilinx/Vivado/2023.2/scripts/rt/data/unisim_comp.v:41984]
INFO: [Synth 8-6155] done synthesizing module 'GND' (0#1) [/tools/Xilinx/Vivado/2023.2/scripts/rt/data/unisim_comp.v:41984]
INFO: [Synth 8-6157] synthesizing module 'CB4CE_MXILINX_clkcntrl4' [/home/lguiga/Desktop/Lab3/labCnt_clks.v:295]
INFO: [Synth 8-6157] synthesizing module 'FTCE_MXILINX_clkcntrl4' [/home/lguiga/Desktop/Lab3/labCnt_clks.v:265]
	Parameter INIT bound to: 1'b0 
INFO: [Synth 8-6157] synthesizing module 'XOR2' [/tools/Xilinx/Vivado/2023.2/scripts/rt/data/unisim_comp.v:139043]
INFO: [Synth 8-6155] done synthesizing module 'XOR2' (0#1) [/tools/Xilinx/Vivado/2023.2/scripts/rt/data/unisim_comp.v:139043]
INFO: [Synth 8-6157] synthesizing module 'FDCE' [/tools/Xilinx/Vivado/2023.2/scripts/rt/data/unisim_comp.v:40789]
INFO: [Synth 8-6155] done synthesizing module 'FDCE' (0#1) [/tools/Xilinx/Vivado/2023.2/scripts/rt/data/unisim_comp.v:40789]
INFO: [Synth 8-6155] done synthesizing module 'FTCE_MXILINX_clkcntrl4' (0#1) [/home/lguiga/Desktop/Lab3/labCnt_clks.v:265]
INFO: [Synth 8-6157] synthesizing module 'AND4' [/tools/Xilinx/Vivado/2023.2/scripts/rt/data/unisim_comp.v:1001]
INFO: [Synth 8-6155] done synthesizing module 'AND4' (0#1) [/tools/Xilinx/Vivado/2023.2/scripts/rt/data/unisim_comp.v:1001]
INFO: [Synth 8-6157] synthesizing module 'AND3' [/tools/Xilinx/Vivado/2023.2/scripts/rt/data/unisim_comp.v:953]
INFO: [Synth 8-6155] done synthesizing module 'AND3' (0#1) [/tools/Xilinx/Vivado/2023.2/scripts/rt/data/unisim_comp.v:953]
INFO: [Synth 8-6157] synthesizing module 'AND2' [/tools/Xilinx/Vivado/2023.2/scripts/rt/data/unisim_comp.v:905]
INFO: [Synth 8-6155] done synthesizing module 'AND2' (0#1) [/tools/Xilinx/Vivado/2023.2/scripts/rt/data/unisim_comp.v:905]
INFO: [Synth 8-6157] synthesizing module 'VCC' [/tools/Xilinx/Vivado/2023.2/scripts/rt/data/unisim_comp.v:137428]
INFO: [Synth 8-6155] done synthesizing module 'VCC' (0#1) [/tools/Xilinx/Vivado/2023.2/scripts/rt/data/unisim_comp.v:137428]
INFO: [Synth 8-6155] done synthesizing module 'CB4CE_MXILINX_clkcntrl4' (0#1) [/home/lguiga/Desktop/Lab3/labCnt_clks.v:295]
INFO: [Synth 8-6157] synthesizing module 'BUF' [/tools/Xilinx/Vivado/2023.2/scripts/rt/data/unisim_comp.v:1897]
INFO: [Synth 8-6155] done synthesizing module 'BUF' (0#1) [/tools/Xilinx/Vivado/2023.2/scripts/rt/data/unisim_comp.v:1897]
INFO: [Synth 8-6155] done synthesizing module 'clkcntrl4' (0#1) [/home/lguiga/Desktop/Lab3/labCnt_clks.v:189]
WARNING: [Synth 8-4446] all outputs are unconnected for this instance and logic may be removed [/home/lguiga/Desktop/Lab3/labCnt_clks.v:39]
INFO: [Synth 8-6157] synthesizing module 'STARTUPE2' [/tools/Xilinx/Vivado/2023.2/scripts/rt/data/unisim_comp.v:133907]
	Parameter PROG_USR bound to: FALSE - type: string 
	Parameter SIM_CCLK_FREQ bound to: 0.000000 - type: double 
INFO: [Synth 8-6155] done synthesizing module 'STARTUPE2' (0#1) [/tools/Xilinx/Vivado/2023.2/scripts/rt/data/unisim_comp.v:133907]
INFO: [Synth 8-6155] done synthesizing module 'labCnt_clks' (0#1) [/home/lguiga/Desktop/Lab3/labCnt_clks.v:24]
WARNING: [Synth 8-7071] port 'fastclk' of module 'labCnt_clks' is unconnected for instance 'slowit' [/home/lguiga/Desktop/Lab3/top.v:31]
WARNING: [Synth 8-7023] instance 'slowit' of module 'labCnt_clks' has 5 connections declared, but only 4 given [/home/lguiga/Desktop/Lab3/top.v:31]
INFO: [Synth 8-6157] synthesizing module 'edgeDetector' [/home/lguiga/Desktop/Lab3/Lab3.srcs/sources_1/new/edgeDetector.v:4]
INFO: [Synth 8-6157] synthesizing module 'FDRE' [/tools/Xilinx/Vivado/2023.2/scripts/rt/data/unisim_comp.v:41005]
	Parameter INIT bound to: 1'b1 
INFO: [Synth 8-6155] done synthesizing module 'FDRE' (0#1) [/tools/Xilinx/Vivado/2023.2/scripts/rt/data/unisim_comp.v:41005]
INFO: [Synth 8-6157] synthesizing module 'FDRE__parameterized0' [/tools/Xilinx/Vivado/2023.2/scripts/rt/data/unisim_comp.v:41005]
	Parameter INIT bound to: 1'b0 
INFO: [Synth 8-6155] done synthesizing module 'FDRE__parameterized0' (0#1) [/tools/Xilinx/Vivado/2023.2/scripts/rt/data/unisim_comp.v:41005]
INFO: [Synth 8-6155] done synthesizing module 'edgeDetector' (0#1) [/home/lguiga/Desktop/Lab3/Lab3.srcs/sources_1/new/edgeDetector.v:4]
INFO: [Synth 8-6157] synthesizing module 'countUD16L' [/home/lguiga/Desktop/Lab3/countUD16L.v:1]
INFO: [Synth 8-6157] synthesizing module 'countUD8L' [/home/lguiga/Desktop/Lab3/countUD8L.v:66]
INFO: [Synth 8-6157] synthesizing module 'AddSub8' [/home/lguiga/Desktop/Lab3/countUD8L.v:47]
INFO: [Synth 8-6157] synthesizing module 'mux8bit' [/home/lguiga/Desktop/Lab3/mux8bit.v:1]
INFO: [Synth 8-6155] done synthesizing module 'mux8bit' (0#1) [/home/lguiga/Desktop/Lab3/mux8bit.v:1]
INFO: [Synth 8-6157] synthesizing module 'adder8' [/home/lguiga/Desktop/Lab3/countUD8L.v:1]
INFO: [Synth 8-6157] synthesizing module 'FA' [/home/lguiga/Desktop/Lab3/countUD8L.v:30]
INFO: [Synth 8-6155] done synthesizing module 'FA' (0#1) [/home/lguiga/Desktop/Lab3/countUD8L.v:30]
INFO: [Synth 8-6155] done synthesizing module 'adder8' (0#1) [/home/lguiga/Desktop/Lab3/countUD8L.v:1]
INFO: [Synth 8-6155] done synthesizing module 'AddSub8' (0#1) [/home/lguiga/Desktop/Lab3/countUD8L.v:47]
INFO: [Synth 8-6155] done synthesizing module 'countUD8L' (0#1) [/home/lguiga/Desktop/Lab3/countUD8L.v:66]
INFO: [Synth 8-6155] done synthesizing module 'countUD16L' (0#1) [/home/lguiga/Desktop/Lab3/countUD16L.v:1]
INFO: [Synth 8-6157] synthesizing module 'ringCounter' [/home/lguiga/Desktop/Lab3/ringCounter.v:1]
INFO: [Synth 8-6155] done synthesizing module 'ringCounter' (0#1) [/home/lguiga/Desktop/Lab3/ringCounter.v:1]
INFO: [Synth 8-6157] synthesizing module 'selector' [/home/lguiga/Desktop/Lab3/selector.v:1]
INFO: [Synth 8-6155] done synthesizing module 'selector' (0#1) [/home/lguiga/Desktop/Lab3/selector.v:1]
INFO: [Synth 8-6157] synthesizing module 'hex7seg' [/home/lguiga/Desktop/Lab3/hex7seg.v:1]
INFO: [Synth 8-6155] done synthesizing module 'hex7seg' (0#1) [/home/lguiga/Desktop/Lab3/hex7seg.v:1]
INFO: [Synth 8-6155] done synthesizing module 'top' (0#1) [/home/lguiga/Desktop/Lab3/top.v:1]
WARNING: [Synth 8-3848] Net ovfl in module/entity FA does not have driver. [/home/lguiga/Desktop/Lab3/countUD8L.v:37]
WARNING: [Synth 8-3917] design top has port led[14] driven by constant 0
WARNING: [Synth 8-3917] design top has port led[13] driven by constant 0
WARNING: [Synth 8-3917] design top has port led[12] driven by constant 0
WARNING: [Synth 8-3917] design top has port led[11] driven by constant 0
WARNING: [Synth 8-3917] design top has port led[10] driven by constant 0
WARNING: [Synth 8-3917] design top has port led[9] driven by constant 0
WARNING: [Synth 8-3917] design top has port led[8] driven by constant 0
WARNING: [Synth 8-3917] design top has port led[7] driven by constant 0
WARNING: [Synth 8-3917] design top has port led[6] driven by constant 0
WARNING: [Synth 8-3917] design top has port led[5] driven by constant 0
WARNING: [Synth 8-3917] design top has port led[4] driven by constant 0
WARNING: [Synth 8-3917] design top has port led[3] driven by constant 0
WARNING: [Synth 8-3917] design top has port led[2] driven by constant 0
WARNING: [Synth 8-3917] design top has port led[1] driven by constant 0
WARNING: [Synth 8-3917] design top has port dp driven by constant 1
WARNING: [Synth 8-7129] Port ovfl in module FA is either unconnected or has no load
---------------------------------------------------------------------------------
Finished RTL Elaboration : Time (s): cpu = 00:00:05 ; elapsed = 00:00:05 . Memory (MB): peak = 2104.285 ; gain = 481.684 ; free physical = 6313 ; free virtual = 13837
---------------------------------------------------------------------------------
---------------------------------------------------------------------------------
Start Handling Custom Attributes
---------------------------------------------------------------------------------
---------------------------------------------------------------------------------
Finished Handling Custom Attributes : Time (s): cpu = 00:00:05 ; elapsed = 00:00:05 . Memory (MB): peak = 2122.098 ; gain = 499.496 ; free physical = 6312 ; free virtual = 13837
---------------------------------------------------------------------------------
---------------------------------------------------------------------------------
Finished RTL Optimization Phase 1 : Time (s): cpu = 00:00:05 ; elapsed = 00:00:05 . Memory (MB): peak = 2122.098 ; gain = 499.496 ; free physical = 6312 ; free virtual = 13837
---------------------------------------------------------------------------------
Netlist sorting complete. Time (s): cpu = 00:00:00 ; elapsed = 00:00:00 . Memory (MB): peak = 2128.035 ; gain = 0.000 ; free physical = 6304 ; free virtual = 13829
INFO: [Netlist 29-17] Analyzing 36 Unisim elements for replacement
INFO: [Netlist 29-28] Unisim Transformation completed in 0 CPU seconds
INFO: [Project 1-570] Preparing netlist for logic optimization

Processing XDC Constraints
Initializing timing engine
Parsing XDC File [/home/lguiga/Desktop/Basys3_Master.xdc]
Finished Parsing XDC File [/home/lguiga/Desktop/Basys3_Master.xdc]
INFO: [Project 1-236] Implementation specific constraints were found while reading constraint file [/home/lguiga/Desktop/Basys3_Master.xdc]. These constraints will be ignored for synthesis but will be used in implementation. Impacted constraints are listed in the file [.Xil/top_propImpl.xdc].
Resolution: To avoid this warning, move constraints listed in [.Xil/top_propImpl.xdc] to another XDC file and exclude this new file from synthesis with the used_in_synthesis property (File Properties dialog in GUI) and re-run elaboration/synthesis.
INFO: [Timing 38-2] Deriving generated clocks
Completed Processing XDC Constraints

Netlist sorting complete. Time (s): cpu = 00:00:00 ; elapsed = 00:00:00 . Memory (MB): peak = 2234.863 ; gain = 0.000 ; free physical = 6300 ; free virtual = 13824
INFO: [Project 1-111] Unisim Transformation Summary:
  A total of 34 instances were transformed.
  AND2 => LUT2: 8 instances
  AND3 => LUT3: 4 instances
  AND4 => LUT4: 4 instances
  BUF => LUT1: 2 instances
  XOR2 => LUT2: 16 instances

Constraint Validation Runtime : Time (s): cpu = 00:00:00.01 ; elapsed = 00:00:00 . Memory (MB): peak = 2234.898 ; gain = 0.000 ; free physical = 6300 ; free virtual = 13824
INFO: [Designutils 20-5440] No compile time benefit to using incremental synthesis; A full resynthesis will be run
INFO: [Designutils 20-4379] Flow is switching to default flow due to incremental criteria not met. If you would like to alter this behaviour and have the flow terminate instead, please set the following parameter config_implementation {autoIncr.Synth.RejectBehavior Terminate}
---------------------------------------------------------------------------------
Finished Constraint Validation : Time (s): cpu = 00:00:11 ; elapsed = 00:00:11 . Memory (MB): peak = 2234.898 ; gain = 612.297 ; free physical = 6299 ; free virtual = 13824
---------------------------------------------------------------------------------
---------------------------------------------------------------------------------
Start Loading Part and Timing Information
---------------------------------------------------------------------------------
Loading part: xc7a35tcpg236-1
---------------------------------------------------------------------------------
Finished Loading Part and Timing Information : Time (s): cpu = 00:00:11 ; elapsed = 00:00:11 . Memory (MB): peak = 2234.898 ; gain = 612.297 ; free physical = 6299 ; free virtual = 13824
---------------------------------------------------------------------------------
---------------------------------------------------------------------------------
Start Applying 'set_property' XDC Constraints
---------------------------------------------------------------------------------
---------------------------------------------------------------------------------
Finished applying 'set_property' XDC Constraints : Time (s): cpu = 00:00:11 ; elapsed = 00:00:11 . Memory (MB): peak = 2234.898 ; gain = 612.297 ; free physical = 6299 ; free virtual = 13824
---------------------------------------------------------------------------------
---------------------------------------------------------------------------------
Finished RTL Optimization Phase 2 : Time (s): cpu = 00:00:11 ; elapsed = 00:00:12 . Memory (MB): peak = 2234.898 ; gain = 612.297 ; free physical = 6297 ; free virtual = 13823
---------------------------------------------------------------------------------
---------------------------------------------------------------------------------
Start RTL Component Statistics 
---------------------------------------------------------------------------------
Detailed RTL Component Info : 
+---XORs : 
	   2 Input      1 Bit         XORs := 2     
+---Muxes : 
	   2 Input    8 Bit        Muxes := 2     
---------------------------------------------------------------------------------
Finished RTL Component Statistics 
---------------------------------------------------------------------------------
---------------------------------------------------------------------------------
Start Part Resource Summary
---------------------------------------------------------------------------------
Part Resources:
DSPs: 90 (col length:60)
BRAMs: 100 (col length: RAMB18 60 RAMB36 30)
---------------------------------------------------------------------------------
Finished Part Resource Summary
---------------------------------------------------------------------------------
---------------------------------------------------------------------------------
Start Cross Boundary and Area Optimization
---------------------------------------------------------------------------------
WARNING: [Synth 8-7080] Parallel synthesis criteria is not met
WARNING: [Synth 8-3917] design top has port led[14] driven by constant 0
WARNING: [Synth 8-3917] design top has port led[13] driven by constant 0
WARNING: [Synth 8-3917] design top has port led[12] driven by constant 0
WARNING: [Synth 8-3917] design top has port led[11] driven by constant 0
WARNING: [Synth 8-3917] design top has port led[10] driven by constant 0
WARNING: [Synth 8-3917] design top has port led[9] driven by constant 0
WARNING: [Synth 8-3917] design top has port led[8] driven by constant 0
WARNING: [Synth 8-3917] design top has port led[7] driven by constant 0
WARNING: [Synth 8-3917] design top has port led[6] driven by constant 0
WARNING: [Synth 8-3917] design top has port led[5] driven by constant 0
WARNING: [Synth 8-3917] design top has port led[4] driven by constant 0
WARNING: [Synth 8-3917] design top has port led[3] driven by constant 0
WARNING: [Synth 8-3917] design top has port led[2] driven by constant 0
WARNING: [Synth 8-3917] design top has port led[1] driven by constant 0
WARNING: [Synth 8-3917] design top has port dp driven by constant 1
---------------------------------------------------------------------------------
Finished Cross Boundary and Area Optimization : Time (s): cpu = 00:00:13 ; elapsed = 00:00:14 . Memory (MB): peak = 2234.898 ; gain = 612.297 ; free physical = 6272 ; free virtual = 13802
---------------------------------------------------------------------------------
---------------------------------------------------------------------------------
Start Applying XDC Timing Constraints
---------------------------------------------------------------------------------
---------------------------------------------------------------------------------
Finished Applying XDC Timing Constraints : Time (s): cpu = 00:00:17 ; elapsed = 00:00:18 . Memory (MB): peak = 2234.898 ; gain = 612.297 ; free physical = 6272 ; free virtual = 13802
---------------------------------------------------------------------------------
---------------------------------------------------------------------------------
Start Timing Optimization
---------------------------------------------------------------------------------
---------------------------------------------------------------------------------
Finished Timing Optimization : Time (s): cpu = 00:00:17 ; elapsed = 00:00:18 . Memory (MB): peak = 2234.898 ; gain = 612.297 ; free physical = 6272 ; free virtual = 13802
---------------------------------------------------------------------------------
---------------------------------------------------------------------------------
Start Technology Mapping
---------------------------------------------------------------------------------
---------------------------------------------------------------------------------
Finished Technology Mapping : Time (s): cpu = 00:00:17 ; elapsed = 00:00:18 . Memory (MB): peak = 2234.898 ; gain = 612.297 ; free physical = 6272 ; free virtual = 13802
---------------------------------------------------------------------------------
---------------------------------------------------------------------------------
Start IO Insertion
---------------------------------------------------------------------------------
---------------------------------------------------------------------------------
Start Flattening Before IO Insertion
---------------------------------------------------------------------------------
---------------------------------------------------------------------------------
Finished Flattening Before IO Insertion
---------------------------------------------------------------------------------
---------------------------------------------------------------------------------
Start Final Netlist Cleanup
---------------------------------------------------------------------------------
---------------------------------------------------------------------------------
Finished Final Netlist Cleanup
---------------------------------------------------------------------------------
---------------------------------------------------------------------------------
Finished IO Insertion : Time (s): cpu = 00:00:21 ; elapsed = 00:00:21 . Memory (MB): peak = 2234.898 ; gain = 612.297 ; free physical = 6272 ; free virtual = 13802
---------------------------------------------------------------------------------
---------------------------------------------------------------------------------
Start Renaming Generated Instances
---------------------------------------------------------------------------------
---------------------------------------------------------------------------------
Finished Renaming Generated Instances : Time (s): cpu = 00:00:21 ; elapsed = 00:00:21 . Memory (MB): peak = 2234.898 ; gain = 612.297 ; free physical = 6272 ; free virtual = 13802
---------------------------------------------------------------------------------
---------------------------------------------------------------------------------
Start Rebuilding User Hierarchy
---------------------------------------------------------------------------------
---------------------------------------------------------------------------------
Finished Rebuilding User Hierarchy : Time (s): cpu = 00:00:21 ; elapsed = 00:00:21 . Memory (MB): peak = 2234.898 ; gain = 612.297 ; free physical = 6272 ; free virtual = 13802
---------------------------------------------------------------------------------
---------------------------------------------------------------------------------
Start Renaming Generated Ports
---------------------------------------------------------------------------------
---------------------------------------------------------------------------------
Finished Renaming Generated Ports : Time (s): cpu = 00:00:21 ; elapsed = 00:00:21 . Memory (MB): peak = 2234.898 ; gain = 612.297 ; free physical = 6272 ; free virtual = 13802
---------------------------------------------------------------------------------
---------------------------------------------------------------------------------
Start Handling Custom Attributes
---------------------------------------------------------------------------------
---------------------------------------------------------------------------------
Finished Handling Custom Attributes : Time (s): cpu = 00:00:21 ; elapsed = 00:00:21 . Memory (MB): peak = 2234.898 ; gain = 612.297 ; free physical = 6272 ; free virtual = 13802
---------------------------------------------------------------------------------
---------------------------------------------------------------------------------
Start Renaming Generated Nets
---------------------------------------------------------------------------------
---------------------------------------------------------------------------------
Finished Renaming Generated Nets : Time (s): cpu = 00:00:21 ; elapsed = 00:00:21 . Memory (MB): peak = 2234.898 ; gain = 612.297 ; free physical = 6272 ; free virtual = 13802
---------------------------------------------------------------------------------
---------------------------------------------------------------------------------
Start Writing Synthesis Report
---------------------------------------------------------------------------------

Report BlackBoxes: 
+-+--------------+----------+
| |BlackBox name |Instances |
+-+--------------+----------+
+-+--------------+----------+

Report Cell Usage: 
+------+-----------+------+
|      |Cell       |Count |
+------+-----------+------+
|1     |AND2       |     6|
|2     |AND3       |     4|
|3     |AND4       |     3|
|4     |BUF        |     2|
|5     |BUFG       |     3|
|6     |LUT1       |     4|
|7     |LUT2       |     3|
|8     |LUT3       |     5|
|9     |LUT4       |    16|
|10    |LUT5       |    14|
|11    |LUT6       |    32|
|12    |MMCME2_ADV |     1|
|13    |STARTUPE2  |     1|
|14    |XOR2       |    16|
|15    |FDCE       |    16|
|16    |FDRE       |    24|
|17    |IBUF       |    22|
|18    |OBUF       |    28|
+------+-----------+------+
---------------------------------------------------------------------------------
Finished Writing Synthesis Report : Time (s): cpu = 00:00:21 ; elapsed = 00:00:21 . Memory (MB): peak = 2234.898 ; gain = 612.297 ; free physical = 6272 ; free virtual = 13802
---------------------------------------------------------------------------------
Synthesis finished with 0 errors, 0 critical warnings and 16 warnings.
Synthesis Optimization Runtime : Time (s): cpu = 00:00:20 ; elapsed = 00:00:20 . Memory (MB): peak = 2234.898 ; gain = 499.496 ; free physical = 6272 ; free virtual = 13802
Synthesis Optimization Complete : Time (s): cpu = 00:00:21 ; elapsed = 00:00:22 . Memory (MB): peak = 2234.898 ; gain = 612.297 ; free physical = 6272 ; free virtual = 13802
INFO: [Project 1-571] Translating synthesized netlist
Netlist sorting complete. Time (s): cpu = 00:00:00 ; elapsed = 00:00:00 . Memory (MB): peak = 2234.898 ; gain = 0.000 ; free physical = 6272 ; free virtual = 13802
INFO: [Netlist 29-17] Analyzing 33 Unisim elements for replacement
INFO: [Netlist 29-28] Unisim Transformation completed in 0 CPU seconds
INFO: [Project 1-570] Preparing netlist for logic optimization
INFO: [Opt 31-138] Pushed 0 inverter(s) to 0 load pin(s).
Netlist sorting complete. Time (s): cpu = 00:00:00 ; elapsed = 00:00:00 . Memory (MB): peak = 2234.898 ; gain = 0.000 ; free physical = 6535 ; free virtual = 14065
INFO: [Project 1-111] Unisim Transformation Summary:
  A total of 31 instances were transformed.
  AND2 => LUT2: 6 instances
  AND3 => LUT3: 4 instances
  AND4 => LUT4: 3 instances
  BUF => LUT1: 2 instances
  XOR2 => LUT2: 16 instances

Synth Design complete | Checksum: 1fddd4f2
INFO: [Common 17-83] Releasing license: Synthesis
85 Infos, 36 Warnings, 0 Critical Warnings and 0 Errors encountered.
synth_design completed successfully
synth_design: Time (s): cpu = 00:00:27 ; elapsed = 00:00:25 . Memory (MB): peak = 2234.898 ; gain = 903.398 ; free physical = 6535 ; free virtual = 14065
INFO: [Common 17-2834] synth_design peak Physical Memory [PSS] (MB): overall = 1818.792; main = 1489.295; forked = 377.649
INFO: [Common 17-2834] synth_design peak Virtual Memory [VSS] (MB): overall = 3224.074; main = 2234.867; forked = 989.207
Write ShapeDB Complete: Time (s): cpu = 00:00:00 ; elapsed = 00:00:00 . Memory (MB): peak = 2258.875 ; gain = 0.000 ; free physical = 6535 ; free virtual = 14064
INFO: [Common 17-1381] The checkpoint '/home/lguiga/Desktop/Lab3/Lab3.runs/synth_1/top.dcp' has been generated.
INFO: [runtcl-4] Executing : report_utilization -file top_utilization_synth.rpt -pb top_utilization_synth.pb
INFO: [Common 17-206] Exiting Vivado at Mon Jan 26 10:38:20 2026...
