
*** Running vivado
    with args -log top.vds -m64 -product Vivado -mode batch -messageDb vivado.pb -notrace -source top.tcl


****** Vivado v2023.2 (64-bit)
  **** SW Build 4029153 on Fri Oct 13 20:13:54 MDT 2023
  **** IP Build 4028589 on Sat Oct 14 00:45:43 MDT 2023
  **** SharedData Build 4025554 on Tue Oct 10 17:18:54 MDT 2023
    ** Copyright 1986-2022 Xilinx, Inc. All Rights Reserved.
    ** Copyright 2022-2023 Advanced Micro Devices, Inc. All Rights Reserved.

source top.tcl -notrace
create_project: Time (s): cpu = 00:00:06 ; elapsed = 00:00:07 . Memory (MB): peak = 1331.500 ; gain = 0.023 ; free physical = 6428 ; free virtual = 13141
Command: read_checkpoint -auto_incremental -incremental /home/lguiga/Desktop/Lab4/Lab4.srcs/utils_1/imports/synth_1/top.dcp
INFO: [Vivado 12-5825] Read reference checkpoint from /home/lguiga/Desktop/Lab4/Lab4.srcs/utils_1/imports/synth_1/top.dcp for incremental synthesis
INFO: [Vivado 12-7989] Please ensure there are no constraint changes
Command: synth_design -top top -part xc7a35tcpg236-1
Starting synth_design
Attempting to get a license for feature 'Synthesis' and/or device 'xc7a35t'
INFO: [Common 17-349] Got license for feature 'Synthesis' and/or device 'xc7a35t'
INFO: [Device 21-403] Loading part xc7a35tcpg236-1
INFO: [Designutils 20-5440] No compile time benefit to using incremental synthesis; A full resynthesis will be run
INFO: [Designutils 20-4379] Flow is switching to default flow due to incremental criteria not met. If you would like to alter this behaviour and have the flow terminate instead, please set the following parameter config_implementation {autoIncr.Synth.RejectBehavior Terminate}
INFO: [Synth 8-7079] Multithreading enabled for synth_design using a maximum of 4 processes.
INFO: [Synth 8-7078] Launching helper process for spawning children vivado processes
INFO: [Synth 8-7075] Helper process launched with PID 118543
---------------------------------------------------------------------------------
Starting RTL Elaboration : Time (s): cpu = 00:00:04 ; elapsed = 00:00:04 . Memory (MB): peak = 2027.285 ; gain = 404.715 ; free physical = 5447 ; free virtual = 12160
---------------------------------------------------------------------------------
INFO: [Synth 8-11241] undeclared symbol 'dummy', assumed default net type 'wire' [/home/lguiga/Desktop/Lab4/qsec_clks.v:41]
INFO: [Synth 8-11241] undeclared symbol 'count', assumed default net type 'wire' [/home/lguiga/Desktop/Lab4/time_counter.v:252]
INFO: [Synth 8-11241] undeclared symbol 'two_secs', assumed default net type 'wire' [/home/lguiga/Desktop/Lab4/Lab4.srcs/sources_1/new/top.v:68]
INFO: [Synth 8-11241] undeclared symbol 'four_secs', assumed default net type 'wire' [/home/lguiga/Desktop/Lab4/Lab4.srcs/sources_1/new/top.v:69]
INFO: [Synth 8-6157] synthesizing module 'top' [/home/lguiga/Desktop/Lab4/Lab4.srcs/sources_1/new/top.v:4]
INFO: [Synth 8-6157] synthesizing module 'qsec_clks' [/home/lguiga/Desktop/Lab4/qsec_clks.v:24]
INFO: [Synth 8-6157] synthesizing module 'clk_wiz_0' [/home/lguiga/Desktop/Lab4/qsec_clks.v:58]
INFO: [Synth 8-6157] synthesizing module 'IBUF' [/tools/Xilinx/Vivado/2023.2/scripts/rt/data/unisim_comp.v:73631]
INFO: [Synth 8-6155] done synthesizing module 'IBUF' (0#1) [/tools/Xilinx/Vivado/2023.2/scripts/rt/data/unisim_comp.v:73631]
INFO: [Synth 8-6157] synthesizing module 'MMCME2_ADV' [/tools/Xilinx/Vivado/2023.2/scripts/rt/data/unisim_comp.v:82174]
	Parameter BANDWIDTH bound to: OPTIMIZED - type: string 
	Parameter CLKFBOUT_MULT_F bound to: 9.125000 - type: double 
	Parameter CLKFBOUT_PHASE bound to: 0.000000 - type: double 
	Parameter CLKFBOUT_USE_FINE_PS bound to: FALSE - type: string 
	Parameter CLKIN1_PERIOD bound to: 10.000000 - type: double 
	Parameter CLKOUT0_DIVIDE_F bound to: 36.500000 - type: double 
	Parameter CLKOUT0_DUTY_CYCLE bound to: 0.500000 - type: double 
	Parameter CLKOUT0_PHASE bound to: 0.000000 - type: double 
	Parameter CLKOUT0_USE_FINE_PS bound to: FALSE - type: string 
	Parameter CLKOUT4_CASCADE bound to: FALSE - type: string 
	Parameter COMPENSATION bound to: ZHOLD - type: string 
	Parameter DIVCLK_DIVIDE bound to: 1 - type: integer 
	Parameter STARTUP_WAIT bound to: FALSE - type: string 
INFO: [Synth 8-6155] done synthesizing module 'MMCME2_ADV' (0#1) [/tools/Xilinx/Vivado/2023.2/scripts/rt/data/unisim_comp.v:82174]
INFO: [Synth 8-6157] synthesizing module 'BUFG' [/tools/Xilinx/Vivado/2023.2/scripts/rt/data/unisim_comp.v:1951]
INFO: [Synth 8-6155] done synthesizing module 'BUFG' (0#1) [/tools/Xilinx/Vivado/2023.2/scripts/rt/data/unisim_comp.v:1951]
INFO: [Synth 8-6155] done synthesizing module 'clk_wiz_0' (0#1) [/home/lguiga/Desktop/Lab4/qsec_clks.v:58]
INFO: [Synth 8-6157] synthesizing module 'clkcntrl4' [/home/lguiga/Desktop/Lab4/qsec_clks.v:187]
INFO: [Synth 8-6157] synthesizing module 'count4_MSCLK_clkcntrl4' [/home/lguiga/Desktop/Lab4/qsec_clks.v:324]
INFO: [Synth 8-6157] synthesizing module 'FDRE' [/tools/Xilinx/Vivado/2023.2/scripts/rt/data/unisim_comp.v:41005]
	Parameter INIT bound to: 1'b0 
INFO: [Synth 8-6155] done synthesizing module 'FDRE' (0#1) [/tools/Xilinx/Vivado/2023.2/scripts/rt/data/unisim_comp.v:41005]
INFO: [Synth 8-6155] done synthesizing module 'count4_MSCLK_clkcntrl4' (0#1) [/home/lguiga/Desktop/Lab4/qsec_clks.v:324]
INFO: [Synth 8-6157] synthesizing module 'AND2' [/tools/Xilinx/Vivado/2023.2/scripts/rt/data/unisim_comp.v:905]
INFO: [Synth 8-6155] done synthesizing module 'AND2' (0#1) [/tools/Xilinx/Vivado/2023.2/scripts/rt/data/unisim_comp.v:905]
INFO: [Synth 8-6157] synthesizing module 'BUF' [/tools/Xilinx/Vivado/2023.2/scripts/rt/data/unisim_comp.v:1897]
INFO: [Synth 8-6155] done synthesizing module 'BUF' (0#1) [/tools/Xilinx/Vivado/2023.2/scripts/rt/data/unisim_comp.v:1897]
INFO: [Synth 8-6155] done synthesizing module 'clkcntrl4' (0#1) [/home/lguiga/Desktop/Lab4/qsec_clks.v:187]
INFO: [Synth 8-6157] synthesizing module 'STARTUPE2' [/tools/Xilinx/Vivado/2023.2/scripts/rt/data/unisim_comp.v:133907]
	Parameter PROG_USR bound to: FALSE - type: string 
	Parameter SIM_CCLK_FREQ bound to: 0.000000 - type: double 
INFO: [Synth 8-6155] done synthesizing module 'STARTUPE2' (0#1) [/tools/Xilinx/Vivado/2023.2/scripts/rt/data/unisim_comp.v:133907]
INFO: [Synth 8-6155] done synthesizing module 'qsec_clks' (0#1) [/home/lguiga/Desktop/Lab4/qsec_clks.v:24]
INFO: [Synth 8-6157] synthesizing module 'lfsr' [/home/lguiga/Desktop/Lab4/lfsr.v:1]
INFO: [Synth 8-6157] synthesizing module 'FDRE__parameterized0' [/tools/Xilinx/Vivado/2023.2/scripts/rt/data/unisim_comp.v:41005]
	Parameter INIT bound to: 1'b1 
INFO: [Synth 8-6155] done synthesizing module 'FDRE__parameterized0' (0#1) [/tools/Xilinx/Vivado/2023.2/scripts/rt/data/unisim_comp.v:41005]
WARNING: [Synth 8-689] width (4) of port connection 'D' does not match port width (1) of module 'FDRE__parameterized0' [/home/lguiga/Desktop/Lab4/lfsr.v:10]
INFO: [Synth 8-6155] done synthesizing module 'lfsr' (0#1) [/home/lguiga/Desktop/Lab4/lfsr.v:1]
INFO: [Synth 8-6157] synthesizing module 'target' [/home/lguiga/Desktop/Lab4/Lab4.srcs/sources_1/new/target.v:4]
INFO: [Synth 8-6155] done synthesizing module 'target' (0#1) [/home/lguiga/Desktop/Lab4/Lab4.srcs/sources_1/new/target.v:4]
INFO: [Synth 8-6157] synthesizing module 'time_counter' [/home/lguiga/Desktop/Lab4/time_counter.v:237]
INFO: [Synth 8-6157] synthesizing module 'countUD16L' [/home/lguiga/Desktop/Lab4/time_counter.v:171]
INFO: [Synth 8-6157] synthesizing module 'countUD8L' [/home/lguiga/Desktop/Lab4/time_counter.v:77]
INFO: [Synth 8-6157] synthesizing module 'AddSub8' [/home/lguiga/Desktop/Lab4/time_counter.v:58]
INFO: [Synth 8-6157] synthesizing module 'mux8bit' [/home/lguiga/Desktop/Lab4/time_counter.v:1]
INFO: [Synth 8-6155] done synthesizing module 'mux8bit' (0#1) [/home/lguiga/Desktop/Lab4/time_counter.v:1]
INFO: [Synth 8-6157] synthesizing module 'adder8' [/home/lguiga/Desktop/Lab4/time_counter.v:12]
INFO: [Synth 8-6157] synthesizing module 'FA' [/home/lguiga/Desktop/Lab4/time_counter.v:41]
INFO: [Synth 8-6155] done synthesizing module 'FA' (0#1) [/home/lguiga/Desktop/Lab4/time_counter.v:41]
INFO: [Synth 8-6155] done synthesizing module 'adder8' (0#1) [/home/lguiga/Desktop/Lab4/time_counter.v:12]
INFO: [Synth 8-6155] done synthesizing module 'AddSub8' (0#1) [/home/lguiga/Desktop/Lab4/time_counter.v:58]
INFO: [Synth 8-6155] done synthesizing module 'countUD8L' (0#1) [/home/lguiga/Desktop/Lab4/time_counter.v:77]
INFO: [Synth 8-6155] done synthesizing module 'countUD16L' (0#1) [/home/lguiga/Desktop/Lab4/time_counter.v:171]
INFO: [Synth 8-6155] done synthesizing module 'time_counter' (0#1) [/home/lguiga/Desktop/Lab4/time_counter.v:237]
INFO: [Synth 8-6157] synthesizing module 'edgeDetector' [/home/lguiga/Desktop/Lab4/edgeDetector.v:4]
INFO: [Synth 8-6155] done synthesizing module 'edgeDetector' (0#1) [/home/lguiga/Desktop/Lab4/edgeDetector.v:4]
INFO: [Synth 8-6157] synthesizing module 'fsm' [/home/lguiga/Desktop/Lab4/fsm.v:1]
INFO: [Synth 8-6155] done synthesizing module 'fsm' (0#1) [/home/lguiga/Desktop/Lab4/fsm.v:1]
WARNING: [Synth 8-7071] port 'flash' of module 'fsm' is unconnected for instance 'FSM_TIME' [/home/lguiga/Desktop/Lab4/Lab4.srcs/sources_1/new/top.v:137]
WARNING: [Synth 8-7023] instance 'FSM_TIME' of module 'fsm' has 18 connections declared, but only 17 given [/home/lguiga/Desktop/Lab4/Lab4.srcs/sources_1/new/top.v:137]
INFO: [Synth 8-6157] synthesizing module 'led_shifter' [/home/lguiga/Desktop/Lab4/led_shifter.v:1]
INFO: [Synth 8-6155] done synthesizing module 'led_shifter' (0#1) [/home/lguiga/Desktop/Lab4/led_shifter.v:1]
INFO: [Synth 8-6157] synthesizing module 'ringCounter' [/home/lguiga/Desktop/Lab4/ringCounter.v:1]
INFO: [Synth 8-6155] done synthesizing module 'ringCounter' (0#1) [/home/lguiga/Desktop/Lab4/ringCounter.v:1]
INFO: [Synth 8-6157] synthesizing module 'selector' [/home/lguiga/Desktop/Lab4/selector.v:1]
INFO: [Synth 8-6155] done synthesizing module 'selector' (0#1) [/home/lguiga/Desktop/Lab4/selector.v:1]
INFO: [Synth 8-6157] synthesizing module 'hex7seg' [/home/lguiga/Desktop/Lab4/hex7seg.v:1]
INFO: [Synth 8-6155] done synthesizing module 'hex7seg' (0#1) [/home/lguiga/Desktop/Lab4/hex7seg.v:1]
INFO: [Synth 8-6155] done synthesizing module 'top' (0#1) [/home/lguiga/Desktop/Lab4/Lab4.srcs/sources_1/new/top.v:4]
WARNING: [Synth 8-3848] Net ovfl in module/entity FA does not have driver. [/home/lguiga/Desktop/Lab4/time_counter.v:48]
WARNING: [Synth 8-3848] Net count in module/entity time_counter does not have driver. [/home/lguiga/Desktop/Lab4/time_counter.v:252]
WARNING: [Synth 8-3848] Net prevYes in module/entity top does not have driver. [/home/lguiga/Desktop/Lab4/Lab4.srcs/sources_1/new/top.v:183]
WARNING: [Synth 8-3848] Net prevLose in module/entity top does not have driver. [/home/lguiga/Desktop/Lab4/Lab4.srcs/sources_1/new/top.v:183]
WARNING: [Synth 8-3917] design top has port dp driven by constant 1
WARNING: [Synth 8-7129] Port ovfl in module FA is either unconnected or has no load
WARNING: [Synth 8-7129] Port sw[14] in module top is either unconnected or has no load
WARNING: [Synth 8-7129] Port sw[13] in module top is either unconnected or has no load
WARNING: [Synth 8-7129] Port sw[12] in module top is either unconnected or has no load
WARNING: [Synth 8-7129] Port sw[11] in module top is either unconnected or has no load
WARNING: [Synth 8-7129] Port sw[10] in module top is either unconnected or has no load
WARNING: [Synth 8-7129] Port sw[9] in module top is either unconnected or has no load
WARNING: [Synth 8-7129] Port sw[8] in module top is either unconnected or has no load
WARNING: [Synth 8-7129] Port sw[7] in module top is either unconnected or has no load
WARNING: [Synth 8-7129] Port sw[6] in module top is either unconnected or has no load
WARNING: [Synth 8-7129] Port sw[5] in module top is either unconnected or has no load
WARNING: [Synth 8-7129] Port sw[4] in module top is either unconnected or has no load
WARNING: [Synth 8-7129] Port sw[3] in module top is either unconnected or has no load
WARNING: [Synth 8-7129] Port sw[2] in module top is either unconnected or has no load
WARNING: [Synth 8-7129] Port sw[1] in module top is either unconnected or has no load
WARNING: [Synth 8-7129] Port sw[0] in module top is either unconnected or has no load
---------------------------------------------------------------------------------
Finished RTL Elaboration : Time (s): cpu = 00:00:05 ; elapsed = 00:00:06 . Memory (MB): peak = 2105.254 ; gain = 482.684 ; free physical = 5353 ; free virtual = 12066
---------------------------------------------------------------------------------
---------------------------------------------------------------------------------
Start Handling Custom Attributes
---------------------------------------------------------------------------------
---------------------------------------------------------------------------------
Finished Handling Custom Attributes : Time (s): cpu = 00:00:05 ; elapsed = 00:00:06 . Memory (MB): peak = 2123.066 ; gain = 500.496 ; free physical = 5351 ; free virtual = 12065
---------------------------------------------------------------------------------
---------------------------------------------------------------------------------
Finished RTL Optimization Phase 1 : Time (s): cpu = 00:00:05 ; elapsed = 00:00:06 . Memory (MB): peak = 2123.066 ; gain = 500.496 ; free physical = 5351 ; free virtual = 12065
---------------------------------------------------------------------------------
Netlist sorting complete. Time (s): cpu = 00:00:00.01 ; elapsed = 00:00:00.01 . Memory (MB): peak = 2129.004 ; gain = 0.000 ; free physical = 5345 ; free virtual = 12059
INFO: [Netlist 29-17] Analyzing 5 Unisim elements for replacement
INFO: [Netlist 29-28] Unisim Transformation completed in 0 CPU seconds
INFO: [Project 1-570] Preparing netlist for logic optimization

Processing XDC Constraints
Initializing timing engine
Parsing XDC File [/home/lguiga/Desktop/Lab4/Basys3_Master.xdc]
WARNING: [Vivado 12-584] No ports matched 'btnL'. [/home/lguiga/Desktop/Lab4/Basys3_Master.xdc:115]
CRITICAL WARNING: [Common 17-55] 'set_property' expects at least one object. [/home/lguiga/Desktop/Lab4/Basys3_Master.xdc:115]
Resolution: If [get_<value>] was used to populate the object, check to make sure this command returns at least one valid object.
WARNING: [Vivado 12-584] No ports matched 'btnL'. [/home/lguiga/Desktop/Lab4/Basys3_Master.xdc:116]
CRITICAL WARNING: [Common 17-55] 'set_property' expects at least one object. [/home/lguiga/Desktop/Lab4/Basys3_Master.xdc:116]
Resolution: If [get_<value>] was used to populate the object, check to make sure this command returns at least one valid object.
WARNING: [Vivado 12-584] No ports matched 'btnD'. [/home/lguiga/Desktop/Lab4/Basys3_Master.xdc:119]
CRITICAL WARNING: [Common 17-55] 'set_property' expects at least one object. [/home/lguiga/Desktop/Lab4/Basys3_Master.xdc:119]
Resolution: If [get_<value>] was used to populate the object, check to make sure this command returns at least one valid object.
WARNING: [Vivado 12-584] No ports matched 'btnD'. [/home/lguiga/Desktop/Lab4/Basys3_Master.xdc:120]
CRITICAL WARNING: [Common 17-55] 'set_property' expects at least one object. [/home/lguiga/Desktop/Lab4/Basys3_Master.xdc:120]
Resolution: If [get_<value>] was used to populate the object, check to make sure this command returns at least one valid object.
Finished Parsing XDC File [/home/lguiga/Desktop/Lab4/Basys3_Master.xdc]
INFO: [Project 1-236] Implementation specific constraints were found while reading constraint file [/home/lguiga/Desktop/Lab4/Basys3_Master.xdc]. These constraints will be ignored for synthesis but will be used in implementation. Impacted constraints are listed in the file [.Xil/top_propImpl.xdc].
Resolution: To avoid this warning, move constraints listed in [.Xil/top_propImpl.xdc] to another XDC file and exclude this new file from synthesis with the used_in_synthesis property (File Properties dialog in GUI) and re-run elaboration/synthesis.
INFO: [Timing 38-2] Deriving generated clocks
Completed Processing XDC Constraints

Netlist sorting complete. Time (s): cpu = 00:00:00 ; elapsed = 00:00:00 . Memory (MB): peak = 2238.801 ; gain = 0.000 ; free physical = 5335 ; free virtual = 12049
INFO: [Project 1-111] Unisim Transformation Summary:
  A total of 3 instances were transformed.
  AND2 => LUT2: 1 instance 
  BUF => LUT1: 2 instances

Constraint Validation Runtime : Time (s): cpu = 00:00:00.01 ; elapsed = 00:00:00 . Memory (MB): peak = 2238.836 ; gain = 0.000 ; free physical = 5335 ; free virtual = 12049
INFO: [Designutils 20-5440] No compile time benefit to using incremental synthesis; A full resynthesis will be run
INFO: [Designutils 20-4379] Flow is switching to default flow due to incremental criteria not met. If you would like to alter this behaviour and have the flow terminate instead, please set the following parameter config_implementation {autoIncr.Synth.RejectBehavior Terminate}
---------------------------------------------------------------------------------
Finished Constraint Validation : Time (s): cpu = 00:00:11 ; elapsed = 00:00:12 . Memory (MB): peak = 2238.836 ; gain = 616.266 ; free physical = 5332 ; free virtual = 12045
---------------------------------------------------------------------------------
---------------------------------------------------------------------------------
Start Loading Part and Timing Information
---------------------------------------------------------------------------------
Loading part: xc7a35tcpg236-1
---------------------------------------------------------------------------------
Finished Loading Part and Timing Information : Time (s): cpu = 00:00:11 ; elapsed = 00:00:12 . Memory (MB): peak = 2238.836 ; gain = 616.266 ; free physical = 5332 ; free virtual = 12045
---------------------------------------------------------------------------------
---------------------------------------------------------------------------------
Start Applying 'set_property' XDC Constraints
---------------------------------------------------------------------------------
---------------------------------------------------------------------------------
Finished applying 'set_property' XDC Constraints : Time (s): cpu = 00:00:11 ; elapsed = 00:00:12 . Memory (MB): peak = 2238.836 ; gain = 616.266 ; free physical = 5332 ; free virtual = 12045
---------------------------------------------------------------------------------
---------------------------------------------------------------------------------
Finished RTL Optimization Phase 2 : Time (s): cpu = 00:00:12 ; elapsed = 00:00:12 . Memory (MB): peak = 2238.836 ; gain = 616.266 ; free physical = 5328 ; free virtual = 12042
---------------------------------------------------------------------------------
---------------------------------------------------------------------------------
Start RTL Component Statistics 
---------------------------------------------------------------------------------
Detailed RTL Component Info : 
+---XORs : 
	   2 Input      8 Bit         XORs := 5     
	   2 Input      6 Bit         XORs := 1     
	   4 Input      4 Bit         XORs := 1     
	   2 Input      1 Bit         XORs := 24    
+---Muxes : 
	   2 Input   16 Bit        Muxes := 2     
	   5 Input   16 Bit        Muxes := 1     
	   2 Input    8 Bit        Muxes := 6     
	   2 Input    4 Bit        Muxes := 2     
---------------------------------------------------------------------------------
Finished RTL Component Statistics 
---------------------------------------------------------------------------------
---------------------------------------------------------------------------------
Start Part Resource Summary
---------------------------------------------------------------------------------
Part Resources:
DSPs: 90 (col length:60)
BRAMs: 100 (col length: RAMB18 60 RAMB36 30)
---------------------------------------------------------------------------------
Finished Part Resource Summary
---------------------------------------------------------------------------------
---------------------------------------------------------------------------------
Start Cross Boundary and Area Optimization
---------------------------------------------------------------------------------
WARNING: [Synth 8-7080] Parallel synthesis criteria is not met
WARNING: [Synth 8-3917] design top has port dp driven by constant 1
WARNING: [Synth 8-7129] Port sw[14] in module top is either unconnected or has no load
WARNING: [Synth 8-7129] Port sw[13] in module top is either unconnected or has no load
WARNING: [Synth 8-7129] Port sw[12] in module top is either unconnected or has no load
WARNING: [Synth 8-7129] Port sw[11] in module top is either unconnected or has no load
WARNING: [Synth 8-7129] Port sw[10] in module top is either unconnected or has no load
WARNING: [Synth 8-7129] Port sw[9] in module top is either unconnected or has no load
WARNING: [Synth 8-7129] Port sw[8] in module top is either unconnected or has no load
WARNING: [Synth 8-7129] Port sw[7] in module top is either unconnected or has no load
WARNING: [Synth 8-7129] Port sw[6] in module top is either unconnected or has no load
WARNING: [Synth 8-7129] Port sw[5] in module top is either unconnected or has no load
WARNING: [Synth 8-7129] Port sw[4] in module top is either unconnected or has no load
WARNING: [Synth 8-7129] Port sw[3] in module top is either unconnected or has no load
WARNING: [Synth 8-7129] Port sw[2] in module top is either unconnected or has no load
WARNING: [Synth 8-7129] Port sw[1] in module top is either unconnected or has no load
WARNING: [Synth 8-7129] Port sw[0] in module top is either unconnected or has no load
WARNING: [Synth 8-3332] Sequential element (u_clks/slowclk/XLXI_44/MSCLK_CNT4ff_3) is unused and will be removed from module top.
WARNING: [Synth 8-3332] Sequential element (timer/cnt16/counter1/qff6) is unused and will be removed from module top.
WARNING: [Synth 8-3332] Sequential element (timer/cnt16/counter1/qff7) is unused and will be removed from module top.
WARNING: [Synth 8-3332] Sequential element (timer/cnt16/counter2/qff0) is unused and will be removed from module top.
WARNING: [Synth 8-3332] Sequential element (timer/cnt16/counter2/qff1) is unused and will be removed from module top.
WARNING: [Synth 8-3332] Sequential element (timer/cnt16/counter2/qff2) is unused and will be removed from module top.
WARNING: [Synth 8-3332] Sequential element (timer/cnt16/counter2/qff3) is unused and will be removed from module top.
WARNING: [Synth 8-3332] Sequential element (timer/cnt16/counter2/qff4) is unused and will be removed from module top.
WARNING: [Synth 8-3332] Sequential element (timer/cnt16/counter2/qff5) is unused and will be removed from module top.
WARNING: [Synth 8-3332] Sequential element (timer/cnt16/counter2/qff6) is unused and will be removed from module top.
WARNING: [Synth 8-3332] Sequential element (timer/cnt16/counter2/qff7) is unused and will be removed from module top.
---------------------------------------------------------------------------------
Finished Cross Boundary and Area Optimization : Time (s): cpu = 00:00:14 ; elapsed = 00:00:14 . Memory (MB): peak = 2238.836 ; gain = 616.266 ; free physical = 5320 ; free virtual = 12039
---------------------------------------------------------------------------------
---------------------------------------------------------------------------------
Start Applying XDC Timing Constraints
---------------------------------------------------------------------------------
---------------------------------------------------------------------------------
Finished Applying XDC Timing Constraints : Time (s): cpu = 00:00:17 ; elapsed = 00:00:18 . Memory (MB): peak = 2238.836 ; gain = 616.266 ; free physical = 5319 ; free virtual = 12038
---------------------------------------------------------------------------------
---------------------------------------------------------------------------------
Start Timing Optimization
---------------------------------------------------------------------------------
---------------------------------------------------------------------------------
Finished Timing Optimization : Time (s): cpu = 00:00:17 ; elapsed = 00:00:18 . Memory (MB): peak = 2238.836 ; gain = 616.266 ; free physical = 5319 ; free virtual = 12038
---------------------------------------------------------------------------------
---------------------------------------------------------------------------------
Start Technology Mapping
---------------------------------------------------------------------------------
---------------------------------------------------------------------------------
Finished Technology Mapping : Time (s): cpu = 00:00:18 ; elapsed = 00:00:18 . Memory (MB): peak = 2238.836 ; gain = 616.266 ; free physical = 5319 ; free virtual = 12038
---------------------------------------------------------------------------------
---------------------------------------------------------------------------------
Start IO Insertion
---------------------------------------------------------------------------------
---------------------------------------------------------------------------------
Start Flattening Before IO Insertion
---------------------------------------------------------------------------------
---------------------------------------------------------------------------------
Finished Flattening Before IO Insertion
---------------------------------------------------------------------------------
---------------------------------------------------------------------------------
Start Final Netlist Cleanup
---------------------------------------------------------------------------------
---------------------------------------------------------------------------------
Finished Final Netlist Cleanup
---------------------------------------------------------------------------------
---------------------------------------------------------------------------------
Finished IO Insertion : Time (s): cpu = 00:00:21 ; elapsed = 00:00:22 . Memory (MB): peak = 2238.836 ; gain = 616.266 ; free physical = 5319 ; free virtual = 12038
---------------------------------------------------------------------------------
---------------------------------------------------------------------------------
Start Renaming Generated Instances
---------------------------------------------------------------------------------
---------------------------------------------------------------------------------
Finished Renaming Generated Instances : Time (s): cpu = 00:00:21 ; elapsed = 00:00:22 . Memory (MB): peak = 2238.836 ; gain = 616.266 ; free physical = 5319 ; free virtual = 12038
---------------------------------------------------------------------------------
---------------------------------------------------------------------------------
Start Rebuilding User Hierarchy
---------------------------------------------------------------------------------
---------------------------------------------------------------------------------
Finished Rebuilding User Hierarchy : Time (s): cpu = 00:00:21 ; elapsed = 00:00:22 . Memory (MB): peak = 2238.836 ; gain = 616.266 ; free physical = 5319 ; free virtual = 12038
---------------------------------------------------------------------------------
---------------------------------------------------------------------------------
Start Renaming Generated Ports
---------------------------------------------------------------------------------
---------------------------------------------------------------------------------
Finished Renaming Generated Ports : Time (s): cpu = 00:00:21 ; elapsed = 00:00:22 . Memory (MB): peak = 2238.836 ; gain = 616.266 ; free physical = 5319 ; free virtual = 12038
---------------------------------------------------------------------------------
---------------------------------------------------------------------------------
Start Handling Custom Attributes
---------------------------------------------------------------------------------
---------------------------------------------------------------------------------
Finished Handling Custom Attributes : Time (s): cpu = 00:00:21 ; elapsed = 00:00:22 . Memory (MB): peak = 2238.836 ; gain = 616.266 ; free physical = 5319 ; free virtual = 12038
---------------------------------------------------------------------------------
---------------------------------------------------------------------------------
Start Renaming Generated Nets
---------------------------------------------------------------------------------
---------------------------------------------------------------------------------
Finished Renaming Generated Nets : Time (s): cpu = 00:00:21 ; elapsed = 00:00:22 . Memory (MB): peak = 2238.836 ; gain = 616.266 ; free physical = 5319 ; free virtual = 12038
---------------------------------------------------------------------------------
---------------------------------------------------------------------------------
Start Writing Synthesis Report
---------------------------------------------------------------------------------

Report BlackBoxes: 
+-+--------------+----------+
| |BlackBox name |Instances |
+-+--------------+----------+
+-+--------------+----------+

Report Cell Usage: 
+------+-----------+------+
|      |Cell       |Count |
+------+-----------+------+
|1     |AND2       |     1|
|2     |BUF        |     2|
|3     |BUFG       |     3|
|4     |LUT1       |     7|
|5     |LUT2       |     9|
|6     |LUT3       |    16|
|7     |LUT4       |    19|
|8     |LUT5       |    15|
|9     |LUT6       |    45|
|10    |MMCME2_ADV |     1|
|11    |STARTUPE2  |     1|
|12    |FDRE       |    78|
|13    |IBUF       |     5|
|14    |OBUF       |    28|
+------+-----------+------+
---------------------------------------------------------------------------------
Finished Writing Synthesis Report : Time (s): cpu = 00:00:21 ; elapsed = 00:00:22 . Memory (MB): peak = 2238.836 ; gain = 616.266 ; free physical = 5319 ; free virtual = 12038
---------------------------------------------------------------------------------
Synthesis finished with 0 errors, 0 critical warnings and 28 warnings.
Synthesis Optimization Runtime : Time (s): cpu = 00:00:20 ; elapsed = 00:00:20 . Memory (MB): peak = 2238.836 ; gain = 500.496 ; free physical = 5319 ; free virtual = 12038
Synthesis Optimization Complete : Time (s): cpu = 00:00:21 ; elapsed = 00:00:22 . Memory (MB): peak = 2238.836 ; gain = 616.266 ; free physical = 5319 ; free virtual = 12038
INFO: [Project 1-571] Translating synthesized netlist
Netlist sorting complete. Time (s): cpu = 00:00:00 ; elapsed = 00:00:00 . Memory (MB): peak = 2238.836 ; gain = 0.000 ; free physical = 5319 ; free virtual = 12038
INFO: [Netlist 29-17] Analyzing 5 Unisim elements for replacement
INFO: [Netlist 29-28] Unisim Transformation completed in 0 CPU seconds
INFO: [Project 1-570] Preparing netlist for logic optimization
INFO: [Opt 31-138] Pushed 0 inverter(s) to 0 load pin(s).
Netlist sorting complete. Time (s): cpu = 00:00:00 ; elapsed = 00:00:00 . Memory (MB): peak = 2238.836 ; gain = 0.000 ; free physical = 5601 ; free virtual = 12319
INFO: [Project 1-111] Unisim Transformation Summary:
  A total of 3 instances were transformed.
  AND2 => LUT2: 1 instance 
  BUF => LUT1: 2 instances

Synth Design complete | Checksum: 3f192970
INFO: [Common 17-83] Releasing license: Synthesis
84 Infos, 56 Warnings, 4 Critical Warnings and 0 Errors encountered.
synth_design completed successfully
synth_design: Time (s): cpu = 00:00:28 ; elapsed = 00:00:25 . Memory (MB): peak = 2238.836 ; gain = 907.336 ; free physical = 5601 ; free virtual = 12319
INFO: [Common 17-2834] synth_design peak Physical Memory [PSS] (MB): overall = 1805.965; main = 1476.668; forked = 377.719
INFO: [Common 17-2834] synth_design peak Virtual Memory [VSS] (MB): overall = 3228.008; main = 2238.805; forked = 989.203
INFO: [runtcl-6] Synthesis results are not added to the cache due to CRITICAL_WARNING
Write ShapeDB Complete: Time (s): cpu = 00:00:00 ; elapsed = 00:00:00 . Memory (MB): peak = 2262.812 ; gain = 0.000 ; free physical = 5601 ; free virtual = 12319
INFO: [Common 17-1381] The checkpoint '/home/lguiga/Desktop/Lab4/Lab4.runs/synth_1/top.dcp' has been generated.
INFO: [runtcl-4] Executing : report_utilization -file top_utilization_synth.rpt -pb top_utilization_synth.pb
INFO: [Common 17-206] Exiting Vivado at Wed Feb 11 20:14:34 2026...
